--- Debug Recompilation for: mutant_alpha(input)_attribute_identifier_modification.txt ---
❯ Changes detected. Rebuilding...
✔ Changes detected. Rebuilding...
Browser bundles    
Initial chunk files | Names       | Raw size
main.js             | main        | 38.57 kB | 


Server bundles     
Initial chunk files | Names       | Raw size
main.server.mjs     | main.server | 39.91 kB | 

Application bundle generation complete. [0.221 seconds]

▲ [WARNING] TS-998113: All imports are unused [plugin angular-compiler]

    src/app/app.component.ts:6:2:
      6 │   imports: [RouterOutlet],
        ╵   ~~~~~~~
--- End Debug for: mutant_alpha(input)_attribute_identifier_modification.txt ---
--- Debug Recompilation for: mutant_alpha(input)_attribute_removal.txt ---
❯ Changes detected. Rebuilding...
✔ Changes detected. Rebuilding...
Browser bundles    
Initial chunk files | Names       | Raw size
main.js             | main        | 38.52 kB | 


Server bundles     
Initial chunk files | Names       | Raw size
main.server.mjs     | main.server | 39.86 kB | 

Application bundle generation complete. [0.086 seconds]

▲ [WARNING] TS-998113: All imports are unused [plugin angular-compiler]

    src/app/app.component.ts:6:2:
      6 │   imports: [RouterOutlet],
        ╵   ~~~~~~~


Page reload sent to client(s).
--- End Debug for: mutant_alpha(input)_attribute_removal.txt ---
--- Debug Recompilation for: mutant_alpha(input)_attribute_value_modification.txt ---
❯ Changes detected. Rebuilding...
✔ Changes detected. Rebuilding...
Browser bundles    
Initial chunk files | Names       | Raw size
main.js             | main        | 38.57 kB | 


Server bundles     
Initial chunk files | Names       | Raw size
main.server.mjs     | main.server | 39.91 kB | 

Application bundle generation complete. [0.101 seconds]

▲ [WARNING] TS-998113: All imports are unused [plugin angular-compiler]

    src/app/app.component.ts:6:2:
      6 │   imports: [RouterOutlet],
        ╵   ~~~~~~~


Page reload sent to client(s).
--- End Debug for: mutant_alpha(input)_attribute_value_modification.txt ---
--- Debug Recompilation for: mutant_alpha(input)_html_tag_movement_to_root.txt ---
❯ Changes detected. Rebuilding...
✔ Changes detected. Rebuilding...
Browser bundles    
Initial chunk files | Names       | Raw size
main.js             | main        | 38.55 kB | 


Server bundles     
Initial chunk files | Names       | Raw size
main.server.mjs     | main.server | 39.90 kB | 

Application bundle generation complete. [0.081 seconds]

▲ [WARNING] TS-998113: All imports are unused [plugin angular-compiler]

    src/app/app.component.ts:6:2:
      6 │   imports: [RouterOutlet],
        ╵   ~~~~~~~


Page reload sent to client(s).
--- End Debug for: mutant_alpha(input)_html_tag_movement_to_root.txt ---
--- Debug Recompilation for: mutant_alpha(input)_html_tag_movement_within_container.txt ---
❯ Changes detected. Rebuilding...
✔ Changes detected. Rebuilding...
Browser bundles    
Initial chunk files | Names       | Raw size
main.js             | main        | 38.55 kB | 


Server bundles     
Initial chunk files | Names       | Raw size
main.server.mjs     | main.server | 39.90 kB | 

Application bundle generation complete. [0.080 seconds]

▲ [WARNING] TS-998113: All imports are unused [plugin angular-compiler]

    src/app/app.component.ts:6:2:
      6 │   imports: [RouterOutlet],
        ╵   ~~~~~~~


Page reload sent to client(s).
--- End Debug for: mutant_alpha(input)_html_tag_movement_within_container.txt ---
--- Debug Recompilation for: mutant_alpha(input)_html_tag_removal.txt ---
❯ Changes detected. Rebuilding...
✔ Changes detected. Rebuilding...
Browser bundles    
Initial chunk files | Names       | Raw size
main.js             | main        | 38.01 kB | 


Server bundles     
Initial chunk files | Names       | Raw size
main.server.mjs     | main.server | 39.35 kB | 

Application bundle generation complete. [0.088 seconds]

▲ [WARNING] TS-998113: All imports are unused [plugin angular-compiler]

    src/app/app.component.ts:6:2:
      6 │   imports: [RouterOutlet],
        ╵   ~~~~~~~


Page reload sent to client(s).
--- End Debug for: mutant_alpha(input)_html_tag_removal.txt ---
--- Debug Recompilation for: mutant_alpha(input)_html_tag_sibling_insertion.txt ---
❯ Changes detected. Rebuilding...
✔ Changes detected. Rebuilding...
Browser bundles    
Initial chunk files | Names       | Raw size
main.js             | main        | 38.63 kB | 


Server bundles     
Initial chunk files | Names       | Raw size
main.server.mjs     | main.server | 39.97 kB | 

Application bundle generation complete. [0.075 seconds]

▲ [WARNING] TS-998113: All imports are unused [plugin angular-compiler]

    src/app/app.component.ts:6:2:
      6 │   imports: [RouterOutlet],
        ╵   ~~~~~~~


Page reload sent to client(s).
--- End Debug for: mutant_alpha(input)_html_tag_sibling_insertion.txt ---
--- Debug Recompilation for: mutant_alpha(input)_html_tag_type_modification.txt ---
❯ Changes detected. Rebuilding...
✔ Changes detected. Rebuilding...
Browser bundles    
Initial chunk files | Names       | Raw size
main.js             | main        | 38.55 kB | 


Server bundles     
Initial chunk files | Names       | Raw size
main.server.mjs     | main.server | 39.90 kB | 

Application bundle generation complete. [0.104 seconds]

▲ [WARNING] TS-998113: All imports are unused [plugin angular-compiler]

    src/app/app.component.ts:6:2:
      6 │   imports: [RouterOutlet],
        ╵   ~~~~~~~


Page reload sent to client(s).
--- End Debug for: mutant_alpha(input)_html_tag_type_modification.txt ---
--- Debug Recompilation for: mutant_beta(div)_attribute_identifier_modification.txt ---
❯ Changes detected. Rebuilding...
✔ Changes detected. Rebuilding...
Browser bundles    
Initial chunk files | Names       | Raw size
main.js             | main        | 38.54 kB | 


Server bundles     
Initial chunk files | Names       | Raw size
main.server.mjs     | main.server | 39.88 kB | 

Application bundle generation complete. [0.071 seconds]

▲ [WARNING] TS-998113: All imports are unused [plugin angular-compiler]

    src/app/app.component.ts:6:2:
      6 │   imports: [RouterOutlet],
        ╵   ~~~~~~~


Page reload sent to client(s).
--- End Debug for: mutant_beta(div)_attribute_identifier_modification.txt ---
--- Debug Recompilation for: mutant_beta(div)_attribute_removal.txt ---
❯ Changes detected. Rebuilding...
✔ Changes detected. Rebuilding...
Browser bundles    
Initial chunk files | Names       | Raw size
main.js             | main        | 38.05 kB | 


Server bundles     
Initial chunk files | Names       | Raw size
main.server.mjs     | main.server | 39.40 kB | 

Application bundle generation complete. [0.089 seconds]

▲ [WARNING] TS-998113: All imports are unused [plugin angular-compiler]

    src/app/app.component.ts:6:2:
      6 │   imports: [RouterOutlet],
        ╵   ~~~~~~~


Page reload sent to client(s).
--- End Debug for: mutant_beta(div)_attribute_removal.txt ---
--- Debug Recompilation for: mutant_beta(div)_attribute_value_modification.txt ---
❯ Changes detected. Rebuilding...
✔ Changes detected. Rebuilding...
Browser bundles    
Initial chunk files | Names       | Raw size
main.js             | main        | 39.05 kB | 


Server bundles     
Initial chunk files | Names       | Raw size
main.server.mjs     | main.server | 40.40 kB | 

Application bundle generation complete. [0.066 seconds]

▲ [WARNING] TS-998113: All imports are unused [plugin angular-compiler]

    src/app/app.component.ts:6:2:
      6 │   imports: [RouterOutlet],
        ╵   ~~~~~~~


Page reload sent to client(s).
--- End Debug for: mutant_beta(div)_attribute_value_modification.txt ---
--- Debug Recompilation for: mutant_beta(div)_html_tag_movement_to_root.txt ---
❯ Changes detected. Rebuilding...
✔ Changes detected. Rebuilding...
Browser bundles    
Initial chunk files | Names       | Raw size
main.js             | main        | 38.59 kB | 


Server bundles     
Initial chunk files | Names       | Raw size
main.server.mjs     | main.server | 39.94 kB | 

Application bundle generation complete. [0.089 seconds]

▲ [WARNING] TS-998113: All imports are unused [plugin angular-compiler]

    src/app/app.component.ts:6:2:
      6 │   imports: [RouterOutlet],
        ╵   ~~~~~~~


Page reload sent to client(s).
--- End Debug for: mutant_beta(div)_html_tag_movement_to_root.txt ---
--- Debug Recompilation for: mutant_beta(div)_html_tag_movement_within_container.txt ---
❯ Changes detected. Rebuilding...
✔ Changes detected. Rebuilding...
Browser bundles    
Initial chunk files | Names       | Raw size
main.js             | main        | 38.55 kB | 


Server bundles     
Initial chunk files | Names       | Raw size
main.server.mjs     | main.server | 39.90 kB | 

Application bundle generation complete. [0.081 seconds]

▲ [WARNING] TS-998113: All imports are unused [plugin angular-compiler]

    src/app/app.component.ts:6:2:
      6 │   imports: [RouterOutlet],
        ╵   ~~~~~~~


Page reload sent to client(s).
--- End Debug for: mutant_beta(div)_html_tag_movement_within_container.txt ---
--- Debug Recompilation for: mutant_beta(div)_html_tag_removal.txt ---
❯ Changes detected. Rebuilding...
✔ Changes detected. Rebuilding...
Browser bundles    
Initial chunk files | Names       | Raw size
main.js             | main        | 37.94 kB | 


Server bundles     
Initial chunk files | Names       | Raw size
main.server.mjs     | main.server | 39.29 kB | 

Application bundle generation complete. [0.067 seconds]

▲ [WARNING] TS-998113: All imports are unused [plugin angular-compiler]

    src/app/app.component.ts:6:2:
      6 │   imports: [RouterOutlet],
        ╵   ~~~~~~~


Page reload sent to client(s).
--- End Debug for: mutant_beta(div)_html_tag_removal.txt ---
--- Debug Recompilation for: mutant_beta(div)_html_tag_sibling_insertion.txt ---
❯ Changes detected. Rebuilding...
✔ Changes detected. Rebuilding...
Browser bundles    
Initial chunk files | Names       | Raw size
main.js             | main        | 38.66 kB | 


Server bundles     
Initial chunk files | Names       | Raw size
main.server.mjs     | main.server | 40.00 kB | 

Application bundle generation complete. [0.081 seconds]

▲ [WARNING] TS-998113: All imports are unused [plugin angular-compiler]

    src/app/app.component.ts:6:2:
      6 │   imports: [RouterOutlet],
        ╵   ~~~~~~~


Page reload sent to client(s).
--- End Debug for: mutant_beta(div)_html_tag_sibling_insertion.txt ---
--- Debug Recompilation for: mutant_beta(div)_html_tag_type_modification.txt ---
❯ Changes detected. Rebuilding...
✔ Changes detected. Rebuilding...
Browser bundles    
Initial chunk files | Names       | Raw size
main.js             | main        | 38.55 kB | 


Server bundles     
Initial chunk files | Names       | Raw size
main.server.mjs     | main.server | 39.90 kB | 

Application bundle generation complete. [0.073 seconds]

▲ [WARNING] TS-998113: All imports are unused [plugin angular-compiler]

    src/app/app.component.ts:6:2:
      6 │   imports: [RouterOutlet],
        ╵   ~~~~~~~


Page reload sent to client(s).
--- End Debug for: mutant_beta(div)_html_tag_type_modification.txt ---
--- Debug Recompilation for: mutant_delta_prev(label)_attribute_identifier_modification.txt ---
❯ Changes detected. Rebuilding...
✔ Changes detected. Rebuilding...
Browser bundles    
Initial chunk files | Names       | Raw size
main.js             | main        | 38.57 kB | 


Server bundles     
Initial chunk files | Names       | Raw size
main.server.mjs     | main.server | 39.91 kB | 

Application bundle generation complete. [0.094 seconds]

▲ [WARNING] TS-998113: All imports are unused [plugin angular-compiler]

    src/app/app.component.ts:6:2:
      6 │   imports: [RouterOutlet],
        ╵   ~~~~~~~


Page reload sent to client(s).
--- End Debug for: mutant_delta_prev(label)_attribute_identifier_modification.txt ---
--- Debug Recompilation for: mutant_delta_prev(label)_attribute_removal.txt ---
❯ Changes detected. Rebuilding...
✔ Changes detected. Rebuilding...
Browser bundles    
Initial chunk files | Names       | Raw size
main.js             | main        | 38.44 kB | 


Server bundles     
Initial chunk files | Names       | Raw size
main.server.mjs     | main.server | 39.79 kB | 

Application bundle generation complete. [0.072 seconds]

▲ [WARNING] TS-998113: All imports are unused [plugin angular-compiler]

    src/app/app.component.ts:6:2:
      6 │   imports: [RouterOutlet],
        ╵   ~~~~~~~


Page reload sent to client(s).
--- End Debug for: mutant_delta_prev(label)_attribute_removal.txt ---
--- Debug Recompilation for: mutant_delta_prev(label)_attribute_value_modification.txt ---
❯ Changes detected. Rebuilding...
✔ Changes detected. Rebuilding...
Browser bundles    
Initial chunk files | Names       | Raw size
main.js             | main        | 38.66 kB | 


Server bundles     
Initial chunk files | Names       | Raw size
main.server.mjs     | main.server | 40.01 kB | 

Application bundle generation complete. [0.072 seconds]

▲ [WARNING] TS-998113: All imports are unused [plugin angular-compiler]

    src/app/app.component.ts:6:2:
      6 │   imports: [RouterOutlet],
        ╵   ~~~~~~~


Page reload sent to client(s).
--- End Debug for: mutant_delta_prev(label)_attribute_value_modification.txt ---
--- Debug Recompilation for: mutant_delta_prev(label)_html_tag_movement_to_root.txt ---
❯ Changes detected. Rebuilding...
✔ Changes detected. Rebuilding...
Browser bundles    
Initial chunk files | Names       | Raw size
main.js             | main        | 38.62 kB | 


Server bundles     
Initial chunk files | Names       | Raw size
main.server.mjs     | main.server | 39.97 kB | 

Application bundle generation complete. [0.070 seconds]

▲ [WARNING] TS-998113: All imports are unused [plugin angular-compiler]

    src/app/app.component.ts:6:2:
      6 │   imports: [RouterOutlet],
        ╵   ~~~~~~~


Page reload sent to client(s).
--- End Debug for: mutant_delta_prev(label)_html_tag_movement_to_root.txt ---
--- Debug Recompilation for: mutant_delta_prev(label)_html_tag_movement_within_container.txt ---
❯ Changes detected. Rebuilding...
✔ Changes detected. Rebuilding...
Browser bundles    
Initial chunk files | Names       | Raw size
main.js             | main        | 38.55 kB | 


Server bundles     
Initial chunk files | Names       | Raw size
main.server.mjs     | main.server | 39.90 kB | 

Application bundle generation complete. [0.096 seconds]

▲ [WARNING] TS-998113: All imports are unused [plugin angular-compiler]

    src/app/app.component.ts:6:2:
      6 │   imports: [RouterOutlet],
        ╵   ~~~~~~~


Page reload sent to client(s).
--- End Debug for: mutant_delta_prev(label)_html_tag_movement_within_container.txt ---
--- Debug Recompilation for: mutant_delta_prev(label)_html_tag_removal.txt ---
❯ Changes detected. Rebuilding...
✔ Changes detected. Rebuilding...
Browser bundles    
Initial chunk files | Names       | Raw size
main.js             | main        | 38.29 kB | 


Server bundles     
Initial chunk files | Names       | Raw size
main.server.mjs     | main.server | 39.64 kB | 

Application bundle generation complete. [0.076 seconds]

▲ [WARNING] TS-998113: All imports are unused [plugin angular-compiler]

    src/app/app.component.ts:6:2:
      6 │   imports: [RouterOutlet],
        ╵   ~~~~~~~


Page reload sent to client(s).
--- End Debug for: mutant_delta_prev(label)_html_tag_removal.txt ---
--- Debug Recompilation for: mutant_delta_prev(label)_html_tag_sibling_insertion.txt ---
❯ Changes detected. Rebuilding...
✔ Changes detected. Rebuilding...
Browser bundles    
Initial chunk files | Names       | Raw size
main.js             | main        | 38.63 kB | 


Server bundles     
Initial chunk files | Names       | Raw size
main.server.mjs     | main.server | 39.97 kB | 

Application bundle generation complete. [0.101 seconds]

▲ [WARNING] TS-998113: All imports are unused [plugin angular-compiler]

    src/app/app.component.ts:6:2:
      6 │   imports: [RouterOutlet],
        ╵   ~~~~~~~


Page reload sent to client(s).
--- End Debug for: mutant_delta_prev(label)_html_tag_sibling_insertion.txt ---
--- Debug Recompilation for: mutant_delta_prev(label)_html_tag_type_modification.txt ---
❯ Changes detected. Rebuilding...
✔ Changes detected. Rebuilding...
Browser bundles    
Initial chunk files | Names       | Raw size
main.js             | main        | 38.54 kB | 


Server bundles     
Initial chunk files | Names       | Raw size
main.server.mjs     | main.server | 39.89 kB | 

Application bundle generation complete. [0.083 seconds]

▲ [WARNING] TS-998113: All imports are unused [plugin angular-compiler]

    src/app/app.component.ts:6:2:
      6 │   imports: [RouterOutlet],
        ╵   ~~~~~~~


Page reload sent to client(s).
--- End Debug for: mutant_delta_prev(label)_html_tag_type_modification.txt ---
--- Debug Recompilation for: mutant_delta_prev(label)_text_content_modification.txt ---
❯ Changes detected. Rebuilding...
✔ Changes detected. Rebuilding...
Browser bundles    
Initial chunk files | Names       | Raw size
main.js             | main        | 38.57 kB | 


Server bundles     
Initial chunk files | Names       | Raw size
main.server.mjs     | main.server | 39.91 kB | 

Application bundle generation complete. [0.081 seconds]

▲ [WARNING] TS-998113: All imports are unused [plugin angular-compiler]

    src/app/app.component.ts:6:2:
      6 │   imports: [RouterOutlet],
        ╵   ~~~~~~~


Page reload sent to client(s).
--- End Debug for: mutant_delta_prev(label)_text_content_modification.txt ---
--- Debug Recompilation for: mutant_delta_prev(label)_text_content_removal.txt ---
❯ Changes detected. Rebuilding...
✔ Changes detected. Rebuilding...
Browser bundles    
Initial chunk files | Names       | Raw size
main.js             | main        | 38.47 kB | 


Server bundles     
Initial chunk files | Names       | Raw size
main.server.mjs     | main.server | 39.82 kB | 

Application bundle generation complete. [0.146 seconds]

▲ [WARNING] TS-998113: All imports are unused [plugin angular-compiler]

    src/app/app.component.ts:6:2:
      6 │   imports: [RouterOutlet],
        ╵   ~~~~~~~


Page reload sent to client(s).
--- End Debug for: mutant_delta_prev(label)_text_content_removal.txt ---
--- Debug Recompilation for: mutant_epsilon(main)_attribute_identifier_modification.txt ---
❯ Changes detected. Rebuilding...
✔ Changes detected. Rebuilding...
Browser bundles    
Initial chunk files | Names       | Raw size
main.js             | main        | 38.56 kB | 


Server bundles     
Initial chunk files | Names       | Raw size
main.server.mjs     | main.server | 39.91 kB | 

Application bundle generation complete. [0.168 seconds]

▲ [WARNING] TS-998113: All imports are unused [plugin angular-compiler]

    src/app/app.component.ts:6:2:
      6 │   imports: [RouterOutlet],
        ╵   ~~~~~~~


Page reload sent to client(s).
--- End Debug for: mutant_epsilon(main)_attribute_identifier_modification.txt ---
--- Debug Recompilation for: mutant_epsilon(main)_attribute_removal.txt ---
❯ Changes detected. Rebuilding...
✔ Changes detected. Rebuilding...
Browser bundles    
Initial chunk files | Names       | Raw size
main.js             | main        | 38.45 kB | 


Server bundles     
Initial chunk files | Names       | Raw size
main.server.mjs     | main.server | 39.79 kB | 

Application bundle generation complete. [0.167 seconds]

▲ [WARNING] TS-998113: All imports are unused [plugin angular-compiler]

    src/app/app.component.ts:6:2:
      6 │   imports: [RouterOutlet],
        ╵   ~~~~~~~


Page reload sent to client(s).
--- End Debug for: mutant_epsilon(main)_attribute_removal.txt ---
--- Debug Recompilation for: mutant_epsilon(main)_attribute_value_modification.txt ---
❯ Changes detected. Rebuilding...
✔ Changes detected. Rebuilding...
Browser bundles    
Initial chunk files | Names       | Raw size
main.js             | main        | 38.66 kB | 


Server bundles     
Initial chunk files | Names       | Raw size
main.server.mjs     | main.server | 40.01 kB | 

Application bundle generation complete. [0.073 seconds]

▲ [WARNING] TS-998113: All imports are unused [plugin angular-compiler]

    src/app/app.component.ts:6:2:
      6 │   imports: [RouterOutlet],
        ╵   ~~~~~~~


Page reload sent to client(s).
--- End Debug for: mutant_epsilon(main)_attribute_value_modification.txt ---
--- Debug Recompilation for: mutant_epsilon(main)_html_tag_removal.txt ---
❯ Changes detected. Rebuilding...
✔ Changes detected. Rebuilding...
Browser bundles    
Initial chunk files | Names       | Raw size
main.js             | main        | 38.37 kB | 


Server bundles     
Initial chunk files | Names       | Raw size
main.server.mjs     | main.server | 39.72 kB | 

Application bundle generation complete. [0.072 seconds]

▲ [WARNING] TS-998113: All imports are unused [plugin angular-compiler]

    src/app/app.component.ts:6:2:
      6 │   imports: [RouterOutlet],
        ╵   ~~~~~~~


Page reload sent to client(s).
--- End Debug for: mutant_epsilon(main)_html_tag_removal.txt ---
--- Debug Recompilation for: mutant_epsilon(main)_html_tag_sibling_insertion.txt ---
❯ Changes detected. Rebuilding...
✔ Changes detected. Rebuilding...
Browser bundles    
Initial chunk files | Names       | Raw size
main.js             | main        | 38.69 kB | 


Server bundles     
Initial chunk files | Names       | Raw size
main.server.mjs     | main.server | 40.04 kB | 

Application bundle generation complete. [0.137 seconds]

▲ [WARNING] TS-998113: All imports are unused [plugin angular-compiler]

    src/app/app.component.ts:6:2:
      6 │   imports: [RouterOutlet],
        ╵   ~~~~~~~


Page reload sent to client(s).
--- End Debug for: mutant_epsilon(main)_html_tag_sibling_insertion.txt ---
--- Debug Recompilation for: mutant_epsilon(main)_html_tag_type_modification.txt ---
❯ Changes detected. Rebuilding...
✔ Changes detected. Rebuilding...
Browser bundles    
Initial chunk files | Names       | Raw size
main.js             | main        | 38.55 kB | 


Server bundles     
Initial chunk files | Names       | Raw size
main.server.mjs     | main.server | 39.90 kB | 

Application bundle generation complete. [0.122 seconds]

▲ [WARNING] TS-998113: All imports are unused [plugin angular-compiler]

    src/app/app.component.ts:6:2:
      6 │   imports: [RouterOutlet],
        ╵   ~~~~~~~


Page reload sent to client(s).
--- End Debug for: mutant_epsilon(main)_html_tag_type_modification.txt ---
--- Debug Recompilation for: mutant_gamma(div)_attribute_identifier_modification.txt ---
❯ Changes detected. Rebuilding...
✔ Changes detected. Rebuilding...
Browser bundles    
Initial chunk files | Names       | Raw size
main.js             | main        | 38.57 kB | 


Server bundles     
Initial chunk files | Names       | Raw size
main.server.mjs     | main.server | 39.91 kB | 

Application bundle generation complete. [0.165 seconds]

▲ [WARNING] TS-998113: All imports are unused [plugin angular-compiler]

    src/app/app.component.ts:6:2:
      6 │   imports: [RouterOutlet],
        ╵   ~~~~~~~


Page reload sent to client(s).
--- End Debug for: mutant_gamma(div)_attribute_identifier_modification.txt ---
--- Debug Recompilation for: mutant_gamma(div)_attribute_removal.txt ---
❯ Changes detected. Rebuilding...
✔ Changes detected. Rebuilding...
Browser bundles    
Initial chunk files | Names       | Raw size
main.js             | main        | 38.48 kB | 


Server bundles     
Initial chunk files | Names       | Raw size
main.server.mjs     | main.server | 39.82 kB | 

Application bundle generation complete. [0.071 seconds]

▲ [WARNING] TS-998113: All imports are unused [plugin angular-compiler]

    src/app/app.component.ts:6:2:
      6 │   imports: [RouterOutlet],
        ╵   ~~~~~~~


Page reload sent to client(s).
--- End Debug for: mutant_gamma(div)_attribute_removal.txt ---
--- Debug Recompilation for: mutant_gamma(div)_attribute_value_modification.txt ---
❯ Changes detected. Rebuilding...
✔ Changes detected. Rebuilding...
Browser bundles    
Initial chunk files | Names       | Raw size
main.js             | main        | 38.63 kB | 


Server bundles     
Initial chunk files | Names       | Raw size
main.server.mjs     | main.server | 39.98 kB | 

Application bundle generation complete. [0.095 seconds]

▲ [WARNING] TS-998113: All imports are unused [plugin angular-compiler]

    src/app/app.component.ts:6:2:
      6 │   imports: [RouterOutlet],
        ╵   ~~~~~~~


Page reload sent to client(s).
--- End Debug for: mutant_gamma(div)_attribute_value_modification.txt ---
--- Debug Recompilation for: mutant_gamma(div)_html_tag_movement_to_root.txt ---
❯ Changes detected. Rebuilding...
✔ Changes detected. Rebuilding...
Browser bundles    
Initial chunk files | Names       | Raw size
main.js             | main        | 38.59 kB | 


Server bundles     
Initial chunk files | Names       | Raw size
main.server.mjs     | main.server | 39.94 kB | 

Application bundle generation complete. [0.097 seconds]

▲ [WARNING] TS-998113: All imports are unused [plugin angular-compiler]

    src/app/app.component.ts:6:2:
      6 │   imports: [RouterOutlet],
        ╵   ~~~~~~~


Page reload sent to client(s).
--- End Debug for: mutant_gamma(div)_html_tag_movement_to_root.txt ---
--- Debug Recompilation for: mutant_gamma(div)_html_tag_movement_within_container.txt ---
❯ Changes detected. Rebuilding...
✔ Changes detected. Rebuilding...
Browser bundles    
Initial chunk files | Names       | Raw size
main.js             | main        | 38.55 kB | 


Server bundles     
Initial chunk files | Names       | Raw size
main.server.mjs     | main.server | 39.90 kB | 

Application bundle generation complete. [0.099 seconds]

▲ [WARNING] TS-998113: All imports are unused [plugin angular-compiler]

    src/app/app.component.ts:6:2:
      6 │   imports: [RouterOutlet],
        ╵   ~~~~~~~


Page reload sent to client(s).
--- End Debug for: mutant_gamma(div)_html_tag_movement_within_container.txt ---
--- Debug Recompilation for: mutant_gamma(div)_html_tag_removal.txt ---
❯ Changes detected. Rebuilding...
✔ Changes detected. Rebuilding...
Browser bundles    
Initial chunk files | Names       | Raw size
main.js             | main        | 38.40 kB | 


Server bundles     
Initial chunk files | Names       | Raw size
main.server.mjs     | main.server | 39.75 kB | 

Application bundle generation complete. [0.088 seconds]

▲ [WARNING] TS-998113: All imports are unused [plugin angular-compiler]

    src/app/app.component.ts:6:2:
      6 │   imports: [RouterOutlet],
        ╵   ~~~~~~~


Page reload sent to client(s).
--- End Debug for: mutant_gamma(div)_html_tag_removal.txt ---
--- Debug Recompilation for: mutant_gamma(div)_html_tag_sibling_insertion.txt ---
❯ Changes detected. Rebuilding...
✔ Changes detected. Rebuilding...
Browser bundles    
Initial chunk files | Names       | Raw size
main.js             | main        | 38.69 kB | 


Server bundles     
Initial chunk files | Names       | Raw size
main.server.mjs     | main.server | 40.04 kB | 

Application bundle generation complete. [0.061 seconds]

▲ [WARNING] TS-998113: All imports are unused [plugin angular-compiler]

    src/app/app.component.ts:6:2:
      6 │   imports: [RouterOutlet],
        ╵   ~~~~~~~


Page reload sent to client(s).
--- End Debug for: mutant_gamma(div)_html_tag_sibling_insertion.txt ---
--- Debug Recompilation for: mutant_gamma(div)_html_tag_type_modification.txt ---
❯ Changes detected. Rebuilding...
✔ Changes detected. Rebuilding...
Browser bundles    
Initial chunk files | Names       | Raw size
main.js             | main        | 38.55 kB | 


Server bundles     
Initial chunk files | Names       | Raw size
main.server.mjs     | main.server | 39.90 kB | 

Application bundle generation complete. [0.063 seconds]

▲ [WARNING] TS-998113: All imports are unused [plugin angular-compiler]

    src/app/app.component.ts:6:2:
      6 │   imports: [RouterOutlet],
        ╵   ~~~~~~~


Page reload sent to client(s).
--- End Debug for: mutant_gamma(div)_html_tag_type_modification.txt ---
